2018-10-28 01:50:00,096 [DefaultQuartzScheduler_Worker-1] INFO  LoopJob - 开始获取JobInfo
 LoopJobname2018-10-28 01:50:00,685 [DefaultQuartzScheduler_Worker-1] INFO  LoopJob - 加入Job:测试job_Job成功
 LoopJobname2018-10-28 01:50:00,685 [DefaultQuartzScheduler_Worker-1] INFO  LoopJob - 结束获取JobInfo
 LoopJobname2018-10-28 01:55:00,000 [DefaultQuartzScheduler_Worker-3] INFO  LoopJob - 开始获取JobInfo
 LoopJobname2018-10-28 01:55:00,373 [DefaultQuartzScheduler_Worker-3] INFO  LoopJob - 结束获取JobInfo
 LoopJobname2018-10-28 02:00:00,000 [DefaultQuartzScheduler_Worker-5] INFO  LoopJob - 开始获取JobInfo
 LoopJobname2018-10-28 02:00:20,991 [DefaultQuartzScheduler_Worker-5] INFO  LoopJob - 结束获取JobInfo
 LoopJobname2018-10-28 02:05:00,097 [DefaultQuartzScheduler_Worker-1] INFO  LoopJob - 开始获取JobInfo
 LoopJobname2018-10-28 02:05:00,676 [DefaultQuartzScheduler_Worker-1] INFO  LoopJob - 加入Job:测试job_Job成功
 LoopJobname2018-10-28 02:05:00,676 [DefaultQuartzScheduler_Worker-1] INFO  LoopJob - 结束获取JobInfo
 LoopJobname2018-10-28 02:10:00,000 [DefaultQuartzScheduler_Worker-3] INFO  LoopJob - 开始获取JobInfo
 LoopJobname2018-10-28 02:10:00,358 [DefaultQuartzScheduler_Worker-3] INFO  LoopJob - 结束获取JobInfo
 LoopJobname2018-10-28 02:15:00,000 [DefaultQuartzScheduler_Worker-5] INFO  LoopJob - 开始获取JobInfo
 LoopJobname2018-10-28 02:15:00,340 [DefaultQuartzScheduler_Worker-5] INFO  LoopJob - 结束获取JobInfo
 LoopJobname2018-10-28 02:20:00,000 [DefaultQuartzScheduler_Worker-7] INFO  LoopJob - 开始获取JobInfo
 LoopJobname2018-10-28 02:20:00,001 [DefaultQuartzScheduler_Worker-7] INFO  LoopJob - 结束获取JobInfo
 LoopJobname2018-10-28 02:25:00,000 [DefaultQuartzScheduler_Worker-9] INFO  LoopJob - 开始获取JobInfo
 LoopJobname2018-10-28 02:25:00,381 [DefaultQuartzScheduler_Worker-9] INFO  LoopJob - 结束获取JobInfo
 LoopJobname2018-10-28 02:30:00,000 [DefaultQuartzScheduler_Worker-1] INFO  LoopJob - 开始获取JobInfo
 LoopJobname2018-10-28 02:30:00,407 [DefaultQuartzScheduler_Worker-1] INFO  LoopJob - 结束获取JobInfo
 LoopJobname2018-10-28 02:35:00,000 [DefaultQuartzScheduler_Worker-3] INFO  LoopJob - 开始获取JobInfo
 LoopJobname2018-10-28 02:35:00,002 [DefaultQuartzScheduler_Worker-3] INFO  LoopJob - 结束获取JobInfo
 LoopJobname2018-10-28 02:40:00,000 [DefaultQuartzScheduler_Worker-5] INFO  LoopJob - 开始获取JobInfo
 LoopJobname2018-10-28 02:40:00,404 [DefaultQuartzScheduler_Worker-5] INFO  LoopJob - 结束获取JobInfo
 LoopJobname2018-10-28 02:45:00,000 [DefaultQuartzScheduler_Worker-7] INFO  LoopJob - 开始获取JobInfo
 LoopJobname2018-10-28 02:45:00,404 [DefaultQuartzScheduler_Worker-7] INFO  LoopJob - 结束获取JobInfo
 LoopJobname2018-10-28 15:25:00,969 [DefaultQuartzScheduler_Worker-1] INFO  LoopJob - 开始获取JobInfo
 LoopJobname2018-10-28 15:25:03,467 [DefaultQuartzScheduler_Worker-1] INFO  LoopJob - 结束获取JobInfo
 LoopJobname2018-10-28 15:30:00,016 [DefaultQuartzScheduler_Worker-2] INFO  LoopJob - 开始获取JobInfo
 LoopJobname2018-10-28 15:30:02,053 [DefaultQuartzScheduler_Worker-2] INFO  LoopJob - 结束获取JobInfo
 LoopJobname2018-10-28 15:35:00,006 [DefaultQuartzScheduler_Worker-3] INFO  LoopJob - 开始获取JobInfo
 LoopJobname2018-10-28 15:35:02,027 [DefaultQuartzScheduler_Worker-3] INFO  LoopJob - 结束获取JobInfo
 LoopJobname2018-10-28 15:40:00,008 [DefaultQuartzScheduler_Worker-4] INFO  LoopJob - 开始获取JobInfo
 LoopJobname2018-10-28 15:40:02,013 [DefaultQuartzScheduler_Worker-4] INFO  LoopJob - 结束获取JobInfo
 LoopJobname2018-10-28 15:45:00,009 [DefaultQuartzScheduler_Worker-5] INFO  LoopJob - 开始获取JobInfo
 LoopJobname2018-10-28 15:45:02,030 [DefaultQuartzScheduler_Worker-5] INFO  LoopJob - 结束获取JobInfo
 LoopJobname2018-10-28 15:50:00,012 [DefaultQuartzScheduler_Worker-6] INFO  LoopJob - 开始获取JobInfo
 LoopJobname2018-10-28 15:50:02,049 [DefaultQuartzScheduler_Worker-6] INFO  LoopJob - 结束获取JobInfo
 LoopJobname2018-10-28 15:55:00,004 [DefaultQuartzScheduler_Worker-7] INFO  LoopJob - 开始获取JobInfo
 LoopJobname2018-10-28 15:55:02,048 [DefaultQuartzScheduler_Worker-7] INFO  LoopJob - 结束获取JobInfo
 LoopJobname2018-10-28 16:00:00,007 [DefaultQuartzScheduler_Worker-8] INFO  LoopJob - 开始获取JobInfo
 LoopJobname2018-10-28 16:00:02,028 [DefaultQuartzScheduler_Worker-8] INFO  LoopJob - 结束获取JobInfo
 LoopJobname2018-10-28 16:05:00,000 [DefaultQuartzScheduler_Worker-9] INFO  LoopJob - 开始获取JobInfo
 LoopJobname2018-10-28 16:05:02,011 [DefaultQuartzScheduler_Worker-9] INFO  LoopJob - 结束获取JobInfo
 LoopJobname2018-10-28 16:10:00,000 [DefaultQuartzScheduler_Worker-10] INFO  LoopJob - 开始获取JobInfo
 LoopJobname2018-10-28 16:10:02,009 [DefaultQuartzScheduler_Worker-10] INFO  LoopJob - 结束获取JobInfo
 LoopJobname2018-10-28 16:15:00,000 [DefaultQuartzScheduler_Worker-1] INFO  LoopJob - 开始获取JobInfo
 LoopJobname2018-10-28 16:15:02,010 [DefaultQuartzScheduler_Worker-1] INFO  LoopJob - 结束获取JobInfo
 LoopJobname2018-10-28 16:20:00,000 [DefaultQuartzScheduler_Worker-2] INFO  LoopJob - 开始获取JobInfo
 LoopJobname2018-10-28 16:20:02,009 [DefaultQuartzScheduler_Worker-2] INFO  LoopJob - 结束获取JobInfo
 LoopJobname2018-10-28 16:25:00,000 [DefaultQuartzScheduler_Worker-3] INFO  LoopJob - 开始获取JobInfo
 LoopJobname2018-10-28 16:25:02,007 [DefaultQuartzScheduler_Worker-3] INFO  LoopJob - 结束获取JobInfo
 LoopJobname2018-10-28 16:30:00,000 [DefaultQuartzScheduler_Worker-4] INFO  LoopJob - 开始获取JobInfo
 LoopJobname2018-10-28 16:30:02,008 [DefaultQuartzScheduler_Worker-4] INFO  LoopJob - 结束获取JobInfo
 LoopJobname2018-10-28 16:35:00,000 [DefaultQuartzScheduler_Worker-5] INFO  LoopJob - 开始获取JobInfo
 LoopJobname2018-10-28 16:35:02,010 [DefaultQuartzScheduler_Worker-5] INFO  LoopJob - 结束获取JobInfo
 LoopJobname2018-10-28 16:40:00,000 [DefaultQuartzScheduler_Worker-6] INFO  LoopJob - 开始获取JobInfo
 LoopJobname2018-10-28 16:40:02,009 [DefaultQuartzScheduler_Worker-6] INFO  LoopJob - 结束获取JobInfo
 LoopJobname2018-10-28 16:45:00,000 [DefaultQuartzScheduler_Worker-7] INFO  LoopJob - 开始获取JobInfo
 LoopJobname2018-10-28 16:45:02,009 [DefaultQuartzScheduler_Worker-7] INFO  LoopJob - 结束获取JobInfo
 LoopJobname2018-10-28 16:50:00,000 [DefaultQuartzScheduler_Worker-8] INFO  LoopJob - 开始获取JobInfo
 LoopJobname2018-10-28 16:50:02,007 [DefaultQuartzScheduler_Worker-8] INFO  LoopJob - 结束获取JobInfo
 LoopJobname2018-10-28 16:55:00,000 [DefaultQuartzScheduler_Worker-9] INFO  LoopJob - 开始获取JobInfo
 LoopJobname2018-10-28 16:55:02,010 [DefaultQuartzScheduler_Worker-9] INFO  LoopJob - 结束获取JobInfo
 LoopJobname2018-10-28 17:00:00,000 [DefaultQuartzScheduler_Worker-10] INFO  LoopJob - 开始获取JobInfo
 LoopJobname2018-10-28 17:00:02,009 [DefaultQuartzScheduler_Worker-10] INFO  LoopJob - 结束获取JobInfo
 LoopJobname2018-10-28 17:05:00,000 [DefaultQuartzScheduler_Worker-1] INFO  LoopJob - 开始获取JobInfo
 LoopJobname2018-10-28 17:05:02,008 [DefaultQuartzScheduler_Worker-1] INFO  LoopJob - 结束获取JobInfo
 LoopJobname2018-10-28 17:10:00,000 [DefaultQuartzScheduler_Worker-2] INFO  LoopJob - 开始获取JobInfo
 LoopJobname2018-10-28 17:10:02,009 [DefaultQuartzScheduler_Worker-2] INFO  LoopJob - 结束获取JobInfo
 LoopJobname2018-10-28 17:15:00,000 [DefaultQuartzScheduler_Worker-3] INFO  LoopJob - 开始获取JobInfo
 LoopJobname2018-10-28 17:15:02,009 [DefaultQuartzScheduler_Worker-3] INFO  LoopJob - 结束获取JobInfo
 LoopJobname2018-10-28 17:20:00,000 [DefaultQuartzScheduler_Worker-4] INFO  LoopJob - 开始获取JobInfo
 LoopJobname2018-10-28 17:20:02,008 [DefaultQuartzScheduler_Worker-4] INFO  LoopJob - 结束获取JobInfo
 LoopJobname2018-10-28 17:25:00,000 [DefaultQuartzScheduler_Worker-5] INFO  LoopJob - 开始获取JobInfo
 LoopJobname2018-10-28 17:25:02,009 [DefaultQuartzScheduler_Worker-5] INFO  LoopJob - 结束获取JobInfo
 LoopJobname2018-10-28 17:30:00,000 [DefaultQuartzScheduler_Worker-6] INFO  LoopJob - 开始获取JobInfo
 LoopJobname2018-10-28 17:30:02,008 [DefaultQuartzScheduler_Worker-6] INFO  LoopJob - 结束获取JobInfo
 LoopJobname2018-10-28 17:35:00,000 [DefaultQuartzScheduler_Worker-7] INFO  LoopJob - 开始获取JobInfo
 LoopJobname2018-10-28 17:35:02,009 [DefaultQuartzScheduler_Worker-7] INFO  LoopJob - 结束获取JobInfo
 LoopJobname2018-10-28 17:40:00,000 [DefaultQuartzScheduler_Worker-8] INFO  LoopJob - 开始获取JobInfo
 LoopJobname2018-10-28 17:40:02,006 [DefaultQuartzScheduler_Worker-8] INFO  LoopJob - 结束获取JobInfo
 LoopJobname2018-10-28 17:45:00,000 [DefaultQuartzScheduler_Worker-9] INFO  LoopJob - 开始获取JobInfo
 LoopJobname2018-10-28 17:45:02,008 [DefaultQuartzScheduler_Worker-9] INFO  LoopJob - 结束获取JobInfo
 LoopJobname2018-10-28 17:50:00,000 [DefaultQuartzScheduler_Worker-10] INFO  LoopJob - 开始获取JobInfo
 LoopJobname2018-10-28 17:50:02,006 [DefaultQuartzScheduler_Worker-10] INFO  LoopJob - 结束获取JobInfo
 LoopJobname2018-10-28 17:55:00,000 [DefaultQuartzScheduler_Worker-1] INFO  LoopJob - 开始获取JobInfo
 LoopJobname2018-10-28 17:55:02,006 [DefaultQuartzScheduler_Worker-1] INFO  LoopJob - 结束获取JobInfo
 LoopJobname2018-10-28 18:00:00,000 [DefaultQuartzScheduler_Worker-2] INFO  LoopJob - 开始获取JobInfo
 LoopJobname2018-10-28 18:00:02,014 [DefaultQuartzScheduler_Worker-2] INFO  LoopJob - 结束获取JobInfo
 LoopJobname2018-10-28 18:05:00,000 [DefaultQuartzScheduler_Worker-3] INFO  LoopJob - 开始获取JobInfo
 LoopJobname2018-10-28 18:05:02,004 [DefaultQuartzScheduler_Worker-3] INFO  LoopJob - 结束获取JobInfo
 LoopJobname2018-10-28 18:10:00,000 [DefaultQuartzScheduler_Worker-4] INFO  LoopJob - 开始获取JobInfo
 LoopJobname2018-10-28 18:10:02,005 [DefaultQuartzScheduler_Worker-4] INFO  LoopJob - 结束获取JobInfo
 LoopJobname2018-10-28 18:15:00,000 [DefaultQuartzScheduler_Worker-5] INFO  LoopJob - 开始获取JobInfo
 LoopJobname2018-10-28 18:15:02,006 [DefaultQuartzScheduler_Worker-5] INFO  LoopJob - 结束获取JobInfo
 LoopJobname2018-10-28 18:20:00,000 [DefaultQuartzScheduler_Worker-6] INFO  LoopJob - 开始获取JobInfo
 LoopJobname2018-10-28 18:20:02,006 [DefaultQuartzScheduler_Worker-6] INFO  LoopJob - 结束获取JobInfo
 LoopJobname2018-10-28 18:25:00,000 [DefaultQuartzScheduler_Worker-7] INFO  LoopJob - 开始获取JobInfo
 LoopJobname2018-10-28 18:25:02,006 [DefaultQuartzScheduler_Worker-7] INFO  LoopJob - 结束获取JobInfo
 LoopJobname2018-10-28 18:30:00,000 [DefaultQuartzScheduler_Worker-8] INFO  LoopJob - 开始获取JobInfo
 LoopJobname2018-10-28 18:30:02,009 [DefaultQuartzScheduler_Worker-8] INFO  LoopJob - 结束获取JobInfo
 LoopJobname2018-10-28 18:35:00,000 [DefaultQuartzScheduler_Worker-9] INFO  LoopJob - 开始获取JobInfo
 LoopJobname2018-10-28 18:35:02,006 [DefaultQuartzScheduler_Worker-9] INFO  LoopJob - 结束获取JobInfo
 LoopJobname2018-10-28 18:40:00,000 [DefaultQuartzScheduler_Worker-10] INFO  LoopJob - 开始获取JobInfo
 LoopJobname2018-10-28 18:40:02,010 [DefaultQuartzScheduler_Worker-10] INFO  LoopJob - 结束获取JobInfo
 LoopJobname2018-10-28 18:45:00,000 [DefaultQuartzScheduler_Worker-1] INFO  LoopJob - 开始获取JobInfo
 LoopJobname2018-10-28 18:45:02,009 [DefaultQuartzScheduler_Worker-1] INFO  LoopJob - 结束获取JobInfo
 LoopJobname2018-10-28 18:50:00,000 [DefaultQuartzScheduler_Worker-2] INFO  LoopJob - 开始获取JobInfo
 LoopJobname2018-10-28 18:50:02,009 [DefaultQuartzScheduler_Worker-2] INFO  LoopJob - 结束获取JobInfo
 LoopJobname2018-10-28 18:55:00,000 [DefaultQuartzScheduler_Worker-3] INFO  LoopJob - 开始获取JobInfo
 LoopJobname2018-10-28 18:55:02,008 [DefaultQuartzScheduler_Worker-3] INFO  LoopJob - 结束获取JobInfo
 LoopJobname2018-10-28 19:00:00,000 [DefaultQuartzScheduler_Worker-4] INFO  LoopJob - 开始获取JobInfo
 LoopJobname2018-10-28 19:00:02,008 [DefaultQuartzScheduler_Worker-4] INFO  LoopJob - 结束获取JobInfo
 LoopJobname2018-10-28 19:05:00,000 [DefaultQuartzScheduler_Worker-5] INFO  LoopJob - 开始获取JobInfo
 LoopJobname2018-10-28 19:05:02,009 [DefaultQuartzScheduler_Worker-5] INFO  LoopJob - 结束获取JobInfo
 LoopJobname2018-10-28 19:10:00,000 [DefaultQuartzScheduler_Worker-6] INFO  LoopJob - 开始获取JobInfo
 LoopJobname2018-10-28 19:10:02,011 [DefaultQuartzScheduler_Worker-6] INFO  LoopJob - 结束获取JobInfo
 LoopJobname2018-10-28 19:15:00,000 [DefaultQuartzScheduler_Worker-7] INFO  LoopJob - 开始获取JobInfo
 LoopJobname2018-10-28 19:15:02,008 [DefaultQuartzScheduler_Worker-7] INFO  LoopJob - 结束获取JobInfo
 LoopJobname2018-10-28 19:20:00,000 [DefaultQuartzScheduler_Worker-8] INFO  LoopJob - 开始获取JobInfo
 LoopJobname2018-10-28 19:20:02,007 [DefaultQuartzScheduler_Worker-8] INFO  LoopJob - 结束获取JobInfo
 LoopJobname